<?xml version="1.0" encoding="UTF-8"?><testsuite name="nosetests" tests="14" errors="0" failures="0" skip="0"><testcase classname="mixpanel.test.test_mixpanel.TestInitFile" name="mixpanel.test.test_mixpanel.TestInitFile.test_meta" time="0" /><testcase classname="mixpanel.test.test_mixpanel.TestInitFile" name="mixpanel.test.test_mixpanel.TestInitFile.test_version" time="0" /><testcase classname="mixpanel.test.test_tasks.EventTrackerTest" name="mixpanel.test.test_tasks.EventTrackerTest.test_build_params" time="0" /><testcase classname="mixpanel.test.test_tasks.EventTrackerTest" name="mixpanel.test.test_tasks.EventTrackerTest.test_debug_logger" time="0" /><testcase classname="mixpanel.test.test_tasks.EventTrackerTest" name="mixpanel.test.test_tasks.EventTrackerTest.test_failed_request" time="0" /><testcase classname="mixpanel.test.test_tasks.EventTrackerTest" name="mixpanel.test.test_tasks.EventTrackerTest.test_handle_properties_empty" time="0" /><testcase classname="mixpanel.test.test_tasks.EventTrackerTest" name="mixpanel.test.test_tasks.EventTrackerTest.test_handle_properties_no_token" time="0" /><testcase classname="mixpanel.test.test_tasks.EventTrackerTest" name="mixpanel.test.test_tasks.EventTrackerTest.test_handle_properties_w_token" time="0" /><testcase classname="mixpanel.test.test_tasks.EventTrackerTest" name="mixpanel.test.test_tasks.EventTrackerTest.test_is_test" time="0" /><testcase classname="mixpanel.test.test_tasks.EventTrackerTest" name="mixpanel.test.test_tasks.EventTrackerTest.test_old_run" time="0" /><testcase classname="mixpanel.test.test_tasks.EventTrackerTest" name="mixpanel.test.test_tasks.EventTrackerTest.test_run" time="0" /><testcase classname="mixpanel.test.test_tasks.FunnelEventTrackerTest" name="mixpanel.test.test_tasks.FunnelEventTrackerTest.test_afp_properties" time="0" /><testcase classname="mixpanel.test.test_tasks.FunnelEventTrackerTest" name="mixpanel.test.test_tasks.FunnelEventTrackerTest.test_afp_validation" time="0" /><testcase classname="mixpanel.test.test_tasks.FunnelEventTrackerTest" name="mixpanel.test.test_tasks.FunnelEventTrackerTest.test_run" time="0" /></testsuite>